Determining if the pthread_create exist failed with the following output:
Change Dir: /home/etudiant/Documents/ImproMusicale/ModeleMarkov/lib/RMG/CMakeFiles/CMakeTmp

Run Build Command:"/usr/bin/make" "cmTC_7e6ff/fast"
/usr/bin/make -f CMakeFiles/cmTC_7e6ff.dir/build.make CMakeFiles/cmTC_7e6ff.dir/build
make[1] : on entre dans le répertoire « /home/etudiant/Documents/ImproMusicale/ModeleMarkov/lib/RMG/CMakeFiles/CMakeTmp »
Building C object CMakeFiles/cmTC_7e6ff.dir/CheckSymbolExists.c.o
/usr/bin/cc     -o CMakeFiles/cmTC_7e6ff.dir/CheckSymbolExists.c.o   -c /home/etudiant/Documents/ImproMusicale/ModeleMarkov/lib/RMG/CMakeFiles/CMakeTmp/CheckSymbolExists.c
Linking C executable cmTC_7e6ff
/usr/bin/cmake -E cmake_link_script CMakeFiles/cmTC_7e6ff.dir/link.txt --verbose=1
/usr/bin/cc       CMakeFiles/cmTC_7e6ff.dir/CheckSymbolExists.c.o  -o cmTC_7e6ff -rdynamic 
CMakeFiles/cmTC_7e6ff.dir/CheckSymbolExists.c.o : Dans la fonction « main » :
CheckSymbolExists.c:(.text+0x16) : référence indéfinie vers « pthread_create »
collect2: error: ld returned 1 exit status
CMakeFiles/cmTC_7e6ff.dir/build.make:97 : la recette pour la cible « cmTC_7e6ff » a échouée
make[1]: *** [cmTC_7e6ff] Erreur 1
make[1] : on quitte le répertoire « /home/etudiant/Documents/ImproMusicale/ModeleMarkov/lib/RMG/CMakeFiles/CMakeTmp »
Makefile:126 : la recette pour la cible « cmTC_7e6ff/fast » a échouée
make: *** [cmTC_7e6ff/fast] Erreur 2

File /home/etudiant/Documents/ImproMusicale/ModeleMarkov/lib/RMG/CMakeFiles/CMakeTmp/CheckSymbolExists.c:
/* */
#include <pthread.h>

int main(int argc, char** argv)
{
  (void)argv;
#ifndef pthread_create
  return ((int*)(&pthread_create))[argc];
#else
  (void)argc;
  return 0;
#endif
}

Determining if the function pthread_create exists in the pthreads failed with the following output:
Change Dir: /home/etudiant/Documents/ImproMusicale/ModeleMarkov/lib/RMG/CMakeFiles/CMakeTmp

Run Build Command:"/usr/bin/make" "cmTC_50d8b/fast"
/usr/bin/make -f CMakeFiles/cmTC_50d8b.dir/build.make CMakeFiles/cmTC_50d8b.dir/build
make[1] : on entre dans le répertoire « /home/etudiant/Documents/ImproMusicale/ModeleMarkov/lib/RMG/CMakeFiles/CMakeTmp »
Building C object CMakeFiles/cmTC_50d8b.dir/CheckFunctionExists.c.o
/usr/bin/cc    -DCHECK_FUNCTION_EXISTS=pthread_create   -o CMakeFiles/cmTC_50d8b.dir/CheckFunctionExists.c.o   -c /usr/share/cmake-3.5/Modules/CheckFunctionExists.c
Linking C executable cmTC_50d8b
/usr/bin/cmake -E cmake_link_script CMakeFiles/cmTC_50d8b.dir/link.txt --verbose=1
/usr/bin/cc   -DCHECK_FUNCTION_EXISTS=pthread_create    CMakeFiles/cmTC_50d8b.dir/CheckFunctionExists.c.o  -o cmTC_50d8b -rdynamic -lpthreads 
/usr/bin/ld : ne peut trouver -lpthreads
collect2: error: ld returned 1 exit status
CMakeFiles/cmTC_50d8b.dir/build.make:97 : la recette pour la cible « cmTC_50d8b » a échouée
make[1]: *** [cmTC_50d8b] Erreur 1
make[1] : on quitte le répertoire « /home/etudiant/Documents/ImproMusicale/ModeleMarkov/lib/RMG/CMakeFiles/CMakeTmp »
Makefile:126 : la recette pour la cible « cmTC_50d8b/fast » a échouée
make: *** [cmTC_50d8b/fast] Erreur 2


